SF:lib/src/convex_client.dart
DA:14,2
DA:16,1
DA:17,1
DA:19,1
DA:20,0
DA:27,1
DA:29,3
DA:30,1
DA:36,1
DA:38,1
DA:39,1
DA:42,0
DA:43,0
DA:46,0
DA:47,0
DA:48,0
DA:57,0
DA:61,0
DA:67,1
DA:69,3
DA:70,1
DA:76,1
DA:78,1
DA:79,1
DA:82,0
DA:83,0
DA:86,0
DA:87,0
DA:88,0
DA:97,0
DA:101,0
DA:107,1
DA:109,3
DA:110,1
DA:116,1
DA:118,1
DA:119,1
DA:122,0
DA:123,0
DA:126,0
DA:127,0
DA:128,0
DA:137,0
DA:138,0
DA:143,0
DA:149,0
DA:156,0
DA:157,0
DA:158,0
DA:160,0
DA:162,0
DA:163,0
DA:166,0
DA:167,0
DA:169,0
DA:170,0
DA:171,0
DA:179,0
DA:180,0
DA:185,0
LF:60
LH:22
end_of_record
SF:lib/src/convex_service.dart
DA:26,2
DA:33,1
DA:34,2
DA:35,2
DA:67,2
DA:68,2
DA:72,2
DA:108,2
DA:111,1
DA:112,2
DA:115,1
DA:116,2
DA:119,6
DA:122,6
DA:125,3
DA:138,2
DA:140,2
DA:141,6
DA:142,2
DA:144,2
DA:146,2
DA:149,2
DA:150,2
DA:151,2
DA:154,4
DA:155,0
DA:159,2
DA:160,2
DA:164,2
DA:165,6
DA:166,4
DA:170,0
DA:176,2
DA:177,4
DA:178,2
DA:179,2
DA:182,4
DA:183,0
DA:188,2
DA:189,4
DA:190,2
DA:191,2
DA:195,1
DA:196,1
DA:197,0
DA:201,1
DA:210,1
DA:212,2
DA:214,0
DA:221,1
DA:223,2
DA:225,0
DA:232,1
DA:234,2
DA:236,0
DA:247,2
DA:249,6
DA:252,2
DA:255,2
DA:262,4
DA:265,2
DA:268,2
DA:271,4
DA:272,1
DA:273,1
DA:278,2
DA:279,4
DA:280,2
DA:284,2
DA:285,4
DA:286,4
DA:290,2
DA:295,2
DA:296,2
DA:297,4
DA:300,6
DA:302,6
DA:303,2
DA:304,2
DA:305,2
DA:309,4
DA:310,4
DA:313,2
DA:315,0
DA:316,0
DA:320,0
DA:322,0
DA:323,0
DA:326,0
DA:327,0
DA:329,0
DA:330,0
DA:332,0
DA:333,0
DA:335,0
DA:336,0
DA:338,0
DA:339,0
DA:341,0
DA:342,0
DA:345,0
DA:348,0
DA:352,0
DA:353,0
DA:355,0
DA:357,0
DA:358,0
DA:362,0
DA:364,0
DA:368,0
DA:371,0
DA:372,0
DA:373,0
DA:375,0
DA:377,0
DA:378,0
DA:379,0
DA:381,0
DA:387,0
DA:389,0
DA:390,0
DA:394,0
DA:395,0
DA:398,0
DA:399,0
DA:402,0
DA:403,0
DA:404,0
DA:405,0
DA:406,0
DA:409,0
DA:410,0
DA:411,0
DA:412,0
DA:413,0
DA:416,0
DA:417,0
DA:420,0
DA:421,0
DA:422,0
DA:423,0
DA:426,0
DA:427,0
DA:428,0
DA:431,0
DA:432,0
DA:433,0
DA:437,0
DA:442,0
DA:443,0
DA:445,0
DA:446,0
DA:447,0
DA:448,0
DA:452,0
DA:453,0
DA:454,0
DA:455,0
DA:456,0
DA:459,2
DA:460,4
DA:462,2
DA:464,2
DA:465,2
DA:467,4
DA:470,8
DA:473,2
DA:474,0
DA:478,0
DA:479,0
DA:481,0
DA:483,0
DA:484,0
DA:487,0
DA:488,0
DA:491,0
DA:494,0
DA:495,0
DA:496,0
DA:497,0
DA:498,0
DA:503,2
DA:504,2
DA:505,4
DA:506,0
DA:507,0
DA:510,0
DA:513,0
DA:514,0
DA:517,0
DA:519,0
DA:520,0
DA:521,0
DA:524,0
DA:526,0
DA:530,0
DA:531,0
DA:532,0
DA:536,1
DA:537,2
DA:541,2
DA:542,0
DA:549,0
DA:550,0
DA:551,0
DA:553,0
DA:555,0
DA:556,0
DA:557,0
DA:560,0
DA:562,0
DA:564,0
DA:567,1
DA:571,2
DA:572,0
DA:573,0
DA:574,0
DA:575,0
DA:576,0
DA:580,2
DA:581,4
DA:582,2
DA:583,2
DA:588,2
DA:590,2
DA:594,3
DA:597,3
DA:599,0
DA:601,0
DA:602,0
DA:603,0
DA:606,0
DA:607,0
DA:609,0
DA:612,0
DA:613,0
DA:614,0
DA:615,0
DA:616,0
DA:618,0
LF:240
LH:100
end_of_record
SF:lib/src/convex_config.dart
DA:7,2
DA:12,2
DA:13,2
DA:14,0
DA:22,4
LF:5
LH:4
end_of_record
